<html>
<head>
<title>TestNG:  Test</title>
<link href="../testng.css" rel="stylesheet" type="text/css" />
<link href="../my-testng.css" rel="stylesheet" type="text/css" />

<style type="text/css">
.log { display: none;} 
.stack-trace { display: none;} 
</style>
<script type="text/javascript">
<!--
function flip(e) {
  current = e.style.display;
  if (current == 'block') {
    e.style.display = 'none';
    return 0;
  }
  else {
    e.style.display = 'block';
    return 1;
  }
}

function toggleBox(szDivId, elem, msg1, msg2)
{
  var res = -1;  if (document.getElementById) {
    res = flip(document.getElementById(szDivId));
  }
  else if (document.all) {
    // this is the way old msie versions work
    res = flip(document.all[szDivId]);
  }
  if(elem) {
    if(res == 0) elem.innerHTML = msg1; else elem.innerHTML = msg2;
  }

}

function toggleAllBoxes() {
  if (document.getElementsByTagName) {
    d = document.getElementsByTagName('div');
    for (i = 0; i < d.length; i++) {
      if (d[i].className == 'log') {
        flip(d[i]);
      }
    }
  }
}

// -->
</script>

</head>
<body>
<h2 align='center'>Test</h2><table border='1' align="center">
<tr>
<td>Tests passed/Failed/Skipped:</td><td>0/0/2</td>
</tr><tr>
<td>Started on:</td><td>Thu Jul 12 18:16:02 IST 2018</td>
</tr>
<tr><td>Total time:</td><td>2 seconds (2502 ms)</td>
</tr><tr>
<td>Included groups:</td><td></td>
</tr><tr>
<td>Excluded groups:</td><td></td>
</tr>
</table><p/>
<small><i>(Hover the method name to see the test class name)</i></small><p/>
<table width='100%' border='1' class='invocation-failed'>
<tr><td colspan='4' align='center'><b>FAILED CONFIGURATIONS</b></td></tr>
<tr><td><b>Test method</b></td>
<td width="30%"><b>Exception</b></td>
<td width="10%"><b>Time (seconds)</b></td>
<td><b>Instance</b></td>
</tr>
<tr>
<td title='com.tests.DriverClass.NaivateToUrl()'><b>NaivateToUrl</b><br>Test class: com.tests.DriverClass</td>
<td><div><pre>org.openqa.selenium.WebDriverException: java.lang.IllegalArgumentException: Cannot locate declared field class org.apache.http.impl.client.HttpClientBuilder.dnsResolver
Build info: version: &apos;2.53.1&apos;, revision: &apos;a36b8b1cd5757287168e54b817830adce9b0158d&apos;, time: &apos;2016-06-30 19:26:09&apos;
System info: host: &apos;INPCD0244&apos;, ip: &apos;10.24.132.114&apos;, os.name: &apos;Windows 10&apos;, os.arch: &apos;amd64&apos;, os.version: &apos;10.0&apos;, java.version: &apos;1.8.0_171&apos;
Driver info: driver.version: HtmlUnitDriver
	at org.openqa.selenium.htmlunit.HtmlUnitDriver.get(HtmlUnitDriver.java:543)
	at org.openqa.selenium.htmlunit.HtmlUnitDriver.get(HtmlUnitDriver.java:517)
	at com.tests.DriverClass.NaivateToUrl(DriverClass.java:32)
Caused by: java.lang.IllegalArgumentException: Cannot locate declared field class org.apache.http.impl.client.HttpClientBuilder.dnsResolver
	at org.apache.commons.lang3.Validate.isTrue(Validate.java:155)
	at com.gargoylesoftware.htmlunit.HttpWebConnection.getField(HttpWebConnection.java:1038)
	at com.gargoylesoftware.htmlunit.HttpWebConnection.createConnectionManager(HttpWebConnection.java:961)
	at com.gargoylesoftware.htmlunit.HttpWebConnection.getResponse(HttpWebConnection.java:166)
	at com.gargoylesoftware.htmlunit.WebClient.loadWebResponseFromWebConnection(WebClient.java:1357)
	at com.gargoylesoftware.htmlunit.WebClient.loadWebResponse(WebClient.java:1274)
	at com.gargoylesoftware.htmlunit.WebClient.getPage(WebClient.java:382)
	at com.gargoylesoftware.htmlunit.WebClient.getPage(WebClient.java:304)
	at com.gargoylesoftware.htmlunit.WebClient.getPage(WebClient.java:451)
	at org.openqa.selenium.htmlunit.HtmlUnitDriver.get(HtmlUnitDriver.java:528)
	... 30 more
... Removed 29 stack frames</pre></div><a href='#' onClick='toggleBox("stack-trace970781872", this, "Click to show all stack frames", "Click to hide stack frames")'>Click to show all stack frames</a>
<div class='stack-trace' id='stack-trace970781872'><pre>org.openqa.selenium.WebDriverException: java.lang.IllegalArgumentException: Cannot locate declared field class org.apache.http.impl.client.HttpClientBuilder.dnsResolver
Build info: version: &apos;2.53.1&apos;, revision: &apos;a36b8b1cd5757287168e54b817830adce9b0158d&apos;, time: &apos;2016-06-30 19:26:09&apos;
System info: host: &apos;INPCD0244&apos;, ip: &apos;10.24.132.114&apos;, os.name: &apos;Windows 10&apos;, os.arch: &apos;amd64&apos;, os.version: &apos;10.0&apos;, java.version: &apos;1.8.0_171&apos;
Driver info: driver.version: HtmlUnitDriver
	at org.openqa.selenium.htmlunit.HtmlUnitDriver.get(HtmlUnitDriver.java:543)
	at org.openqa.selenium.htmlunit.HtmlUnitDriver.get(HtmlUnitDriver.java:517)
	at com.tests.DriverClass.NaivateToUrl(DriverClass.java:32)
	at sun.reflect.NativeMethodAccessorImpl.invoke0(Native Method)
	at sun.reflect.NativeMethodAccessorImpl.invoke(Unknown Source)
	at sun.reflect.DelegatingMethodAccessorImpl.invoke(Unknown Source)
	at java.lang.reflect.Method.invoke(Unknown Source)
	at org.testng.internal.MethodInvocationHelper.invokeMethod(MethodInvocationHelper.java:124)
	at org.testng.internal.MethodInvocationHelper.invokeMethodConsideringTimeout(MethodInvocationHelper.java:59)
	at org.testng.internal.Invoker.invokeConfigurationMethod(Invoker.java:455)
	at org.testng.internal.Invoker.invokeConfigurations(Invoker.java:222)
	at org.testng.internal.Invoker.invokeMethod(Invoker.java:520)
	at org.testng.internal.Invoker.invokeTestMethod(Invoker.java:716)
	at org.testng.internal.Invoker.invokeTestMethods(Invoker.java:988)
	at org.testng.internal.TestMethodWorker.invokeTestMethods(TestMethodWorker.java:125)
	at org.testng.internal.TestMethodWorker.run(TestMethodWorker.java:109)
	at org.testng.TestRunner.privateRun(TestRunner.java:648)
	at org.testng.TestRunner.run(TestRunner.java:505)
	at org.testng.SuiteRunner.runTest(SuiteRunner.java:455)
	at org.testng.SuiteRunner.runSequentially(SuiteRunner.java:450)
	at org.testng.SuiteRunner.privateRun(SuiteRunner.java:415)
	at org.testng.SuiteRunner.run(SuiteRunner.java:364)
	at org.testng.SuiteRunnerWorker.runSuite(SuiteRunnerWorker.java:52)
	at org.testng.SuiteRunnerWorker.run(SuiteRunnerWorker.java:84)
	at org.testng.TestNG.runSuitesSequentially(TestNG.java:1208)
	at org.testng.TestNG.runSuitesLocally(TestNG.java:1137)
	at org.testng.TestNG.runSuites(TestNG.java:1049)
	at org.testng.TestNG.run(TestNG.java:1017)
	at org.testng.remote.AbstractRemoteTestNG.run(AbstractRemoteTestNG.java:114)
	at org.testng.remote.RemoteTestNG.initAndRun(RemoteTestNG.java:251)
	at org.testng.remote.RemoteTestNG.main(RemoteTestNG.java:77)
Caused by: java.lang.IllegalArgumentException: Cannot locate declared field class org.apache.http.impl.client.HttpClientBuilder.dnsResolver
	at org.apache.commons.lang3.Validate.isTrue(Validate.java:155)
	at org.apache.commons.lang3.reflect.FieldUtils.readDeclaredField(FieldUtils.java:512)
	at com.gargoylesoftware.htmlunit.HttpWebConnection.getField(HttpWebConnection.java:1038)
	at com.gargoylesoftware.htmlunit.HttpWebConnection.createConnectionManager(HttpWebConnection.java:961)
	at com.gargoylesoftware.htmlunit.HttpWebConnection.getResponse(HttpWebConnection.java:166)
	at com.gargoylesoftware.htmlunit.WebClient.loadWebResponseFromWebConnection(WebClient.java:1357)
	at com.gargoylesoftware.htmlunit.WebClient.loadWebResponse(WebClient.java:1274)
	at com.gargoylesoftware.htmlunit.WebClient.getPage(WebClient.java:382)
	at com.gargoylesoftware.htmlunit.WebClient.getPage(WebClient.java:304)
	at com.gargoylesoftware.htmlunit.WebClient.getPage(WebClient.java:451)
	at org.openqa.selenium.htmlunit.HtmlUnitDriver.get(HtmlUnitDriver.java:528)
	... 30 more
</pre></div></td>
<td>0</td>
<td>com.tests.DriverClass@6950e31</td></tr>
</table><p>
<table width='100%' border='1' class='invocation-skipped'>
<tr><td colspan='4' align='center'><b>SKIPPED CONFIGURATIONS</b></td></tr>
<tr><td><b>Test method</b></td>
<td width="30%"><b>Exception</b></td>
<td width="10%"><b>Time (seconds)</b></td>
<td><b>Instance</b></td>
</tr>
<tr>
<td title='com.tests.DriverClass.NaivateToUrl()'><b>NaivateToUrl</b><br>Test class: com.tests.DriverClass</td>
<td></td>
<td>0</td>
<td>com.tests.DriverClass@6950e31</td></tr>
</table><p>
<table width='100%' border='1' class='invocation-skipped'>
<tr><td colspan='4' align='center'><b>SKIPPED TESTS</b></td></tr>
<tr><td><b>Test method</b></td>
<td width="30%"><b>Exception</b></td>
<td width="10%"><b>Time (seconds)</b></td>
<td><b>Instance</b></td>
</tr>
<tr>
<td title='com.tests.DriverClass.NegativeScenarios()'><b>NegativeScenarios</b><br>Test class: com.tests.DriverClass</td>
<td><div><pre>org.openqa.selenium.WebDriverException: java.lang.IllegalArgumentException: Cannot locate declared field class org.apache.http.impl.client.HttpClientBuilder.dnsResolver
Build info: version: &apos;2.53.1&apos;, revision: &apos;a36b8b1cd5757287168e54b817830adce9b0158d&apos;, time: &apos;2016-06-30 19:26:09&apos;
System info: host: &apos;INPCD0244&apos;, ip: &apos;10.24.132.114&apos;, os.name: &apos;Windows 10&apos;, os.arch: &apos;amd64&apos;, os.version: &apos;10.0&apos;, java.version: &apos;1.8.0_171&apos;
Driver info: driver.version: HtmlUnitDriver
	at org.openqa.selenium.htmlunit.HtmlUnitDriver.get(HtmlUnitDriver.java:543)
	at org.openqa.selenium.htmlunit.HtmlUnitDriver.get(HtmlUnitDriver.java:517)
	at com.tests.DriverClass.NaivateToUrl(DriverClass.java:32)
Caused by: java.lang.IllegalArgumentException: Cannot locate declared field class org.apache.http.impl.client.HttpClientBuilder.dnsResolver
	at org.apache.commons.lang3.Validate.isTrue(Validate.java:155)
	at com.gargoylesoftware.htmlunit.HttpWebConnection.getField(HttpWebConnection.java:1038)
	at com.gargoylesoftware.htmlunit.HttpWebConnection.createConnectionManager(HttpWebConnection.java:961)
	at com.gargoylesoftware.htmlunit.HttpWebConnection.getResponse(HttpWebConnection.java:166)
	at com.gargoylesoftware.htmlunit.WebClient.loadWebResponseFromWebConnection(WebClient.java:1357)
	at com.gargoylesoftware.htmlunit.WebClient.loadWebResponse(WebClient.java:1274)
	at com.gargoylesoftware.htmlunit.WebClient.getPage(WebClient.java:382)
	at com.gargoylesoftware.htmlunit.WebClient.getPage(WebClient.java:304)
	at com.gargoylesoftware.htmlunit.WebClient.getPage(WebClient.java:451)
	at org.openqa.selenium.htmlunit.HtmlUnitDriver.get(HtmlUnitDriver.java:528)
	... 30 more
... Removed 29 stack frames</pre></div><a href='#' onClick='toggleBox("stack-trace483525032", this, "Click to show all stack frames", "Click to hide stack frames")'>Click to show all stack frames</a>
<div class='stack-trace' id='stack-trace483525032'><pre>org.openqa.selenium.WebDriverException: java.lang.IllegalArgumentException: Cannot locate declared field class org.apache.http.impl.client.HttpClientBuilder.dnsResolver
Build info: version: &apos;2.53.1&apos;, revision: &apos;a36b8b1cd5757287168e54b817830adce9b0158d&apos;, time: &apos;2016-06-30 19:26:09&apos;
System info: host: &apos;INPCD0244&apos;, ip: &apos;10.24.132.114&apos;, os.name: &apos;Windows 10&apos;, os.arch: &apos;amd64&apos;, os.version: &apos;10.0&apos;, java.version: &apos;1.8.0_171&apos;
Driver info: driver.version: HtmlUnitDriver
	at org.openqa.selenium.htmlunit.HtmlUnitDriver.get(HtmlUnitDriver.java:543)
	at org.openqa.selenium.htmlunit.HtmlUnitDriver.get(HtmlUnitDriver.java:517)
	at com.tests.DriverClass.NaivateToUrl(DriverClass.java:32)
	at sun.reflect.NativeMethodAccessorImpl.invoke0(Native Method)
	at sun.reflect.NativeMethodAccessorImpl.invoke(Unknown Source)
	at sun.reflect.DelegatingMethodAccessorImpl.invoke(Unknown Source)
	at java.lang.reflect.Method.invoke(Unknown Source)
	at org.testng.internal.MethodInvocationHelper.invokeMethod(MethodInvocationHelper.java:124)
	at org.testng.internal.MethodInvocationHelper.invokeMethodConsideringTimeout(MethodInvocationHelper.java:59)
	at org.testng.internal.Invoker.invokeConfigurationMethod(Invoker.java:455)
	at org.testng.internal.Invoker.invokeConfigurations(Invoker.java:222)
	at org.testng.internal.Invoker.invokeMethod(Invoker.java:520)
	at org.testng.internal.Invoker.invokeTestMethod(Invoker.java:716)
	at org.testng.internal.Invoker.invokeTestMethods(Invoker.java:988)
	at org.testng.internal.TestMethodWorker.invokeTestMethods(TestMethodWorker.java:125)
	at org.testng.internal.TestMethodWorker.run(TestMethodWorker.java:109)
	at org.testng.TestRunner.privateRun(TestRunner.java:648)
	at org.testng.TestRunner.run(TestRunner.java:505)
	at org.testng.SuiteRunner.runTest(SuiteRunner.java:455)
	at org.testng.SuiteRunner.runSequentially(SuiteRunner.java:450)
	at org.testng.SuiteRunner.privateRun(SuiteRunner.java:415)
	at org.testng.SuiteRunner.run(SuiteRunner.java:364)
	at org.testng.SuiteRunnerWorker.runSuite(SuiteRunnerWorker.java:52)
	at org.testng.SuiteRunnerWorker.run(SuiteRunnerWorker.java:84)
	at org.testng.TestNG.runSuitesSequentially(TestNG.java:1208)
	at org.testng.TestNG.runSuitesLocally(TestNG.java:1137)
	at org.testng.TestNG.runSuites(TestNG.java:1049)
	at org.testng.TestNG.run(TestNG.java:1017)
	at org.testng.remote.AbstractRemoteTestNG.run(AbstractRemoteTestNG.java:114)
	at org.testng.remote.RemoteTestNG.initAndRun(RemoteTestNG.java:251)
	at org.testng.remote.RemoteTestNG.main(RemoteTestNG.java:77)
Caused by: java.lang.IllegalArgumentException: Cannot locate declared field class org.apache.http.impl.client.HttpClientBuilder.dnsResolver
	at org.apache.commons.lang3.Validate.isTrue(Validate.java:155)
	at org.apache.commons.lang3.reflect.FieldUtils.readDeclaredField(FieldUtils.java:512)
	at com.gargoylesoftware.htmlunit.HttpWebConnection.getField(HttpWebConnection.java:1038)
	at com.gargoylesoftware.htmlunit.HttpWebConnection.createConnectionManager(HttpWebConnection.java:961)
	at com.gargoylesoftware.htmlunit.HttpWebConnection.getResponse(HttpWebConnection.java:166)
	at com.gargoylesoftware.htmlunit.WebClient.loadWebResponseFromWebConnection(WebClient.java:1357)
	at com.gargoylesoftware.htmlunit.WebClient.loadWebResponse(WebClient.java:1274)
	at com.gargoylesoftware.htmlunit.WebClient.getPage(WebClient.java:382)
	at com.gargoylesoftware.htmlunit.WebClient.getPage(WebClient.java:304)
	at com.gargoylesoftware.htmlunit.WebClient.getPage(WebClient.java:451)
	at org.openqa.selenium.htmlunit.HtmlUnitDriver.get(HtmlUnitDriver.java:528)
	... 30 more
</pre></div></td>
<td>0</td>
<td>com.tests.DriverClass@6950e31</td></tr>
<tr>
<td title='com.tests.DriverClass.PositiveScenario()'><b>PositiveScenario</b><br>Test class: com.tests.DriverClass</td>
<td><div><pre>org.openqa.selenium.WebDriverException: java.lang.IllegalArgumentException: Cannot locate declared field class org.apache.http.impl.client.HttpClientBuilder.dnsResolver
Build info: version: &apos;2.53.1&apos;, revision: &apos;a36b8b1cd5757287168e54b817830adce9b0158d&apos;, time: &apos;2016-06-30 19:26:09&apos;
System info: host: &apos;INPCD0244&apos;, ip: &apos;10.24.132.114&apos;, os.name: &apos;Windows 10&apos;, os.arch: &apos;amd64&apos;, os.version: &apos;10.0&apos;, java.version: &apos;1.8.0_171&apos;
Driver info: driver.version: HtmlUnitDriver
	at org.openqa.selenium.htmlunit.HtmlUnitDriver.get(HtmlUnitDriver.java:543)
	at org.openqa.selenium.htmlunit.HtmlUnitDriver.get(HtmlUnitDriver.java:517)
	at com.tests.DriverClass.NaivateToUrl(DriverClass.java:32)
Caused by: java.lang.IllegalArgumentException: Cannot locate declared field class org.apache.http.impl.client.HttpClientBuilder.dnsResolver
	at org.apache.commons.lang3.Validate.isTrue(Validate.java:155)
	at com.gargoylesoftware.htmlunit.HttpWebConnection.getField(HttpWebConnection.java:1038)
	at com.gargoylesoftware.htmlunit.HttpWebConnection.createConnectionManager(HttpWebConnection.java:961)
	at com.gargoylesoftware.htmlunit.HttpWebConnection.getResponse(HttpWebConnection.java:166)
	at com.gargoylesoftware.htmlunit.WebClient.loadWebResponseFromWebConnection(WebClient.java:1357)
	at com.gargoylesoftware.htmlunit.WebClient.loadWebResponse(WebClient.java:1274)
	at com.gargoylesoftware.htmlunit.WebClient.getPage(WebClient.java:382)
	at com.gargoylesoftware.htmlunit.WebClient.getPage(WebClient.java:304)
	at com.gargoylesoftware.htmlunit.WebClient.getPage(WebClient.java:451)
	at org.openqa.selenium.htmlunit.HtmlUnitDriver.get(HtmlUnitDriver.java:528)
	... 30 more
... Removed 29 stack frames</pre></div><a href='#' onClick='toggleBox("stack-trace1437983537", this, "Click to show all stack frames", "Click to hide stack frames")'>Click to show all stack frames</a>
<div class='stack-trace' id='stack-trace1437983537'><pre>org.openqa.selenium.WebDriverException: java.lang.IllegalArgumentException: Cannot locate declared field class org.apache.http.impl.client.HttpClientBuilder.dnsResolver
Build info: version: &apos;2.53.1&apos;, revision: &apos;a36b8b1cd5757287168e54b817830adce9b0158d&apos;, time: &apos;2016-06-30 19:26:09&apos;
System info: host: &apos;INPCD0244&apos;, ip: &apos;10.24.132.114&apos;, os.name: &apos;Windows 10&apos;, os.arch: &apos;amd64&apos;, os.version: &apos;10.0&apos;, java.version: &apos;1.8.0_171&apos;
Driver info: driver.version: HtmlUnitDriver
	at org.openqa.selenium.htmlunit.HtmlUnitDriver.get(HtmlUnitDriver.java:543)
	at org.openqa.selenium.htmlunit.HtmlUnitDriver.get(HtmlUnitDriver.java:517)
	at com.tests.DriverClass.NaivateToUrl(DriverClass.java:32)
	at sun.reflect.NativeMethodAccessorImpl.invoke0(Native Method)
	at sun.reflect.NativeMethodAccessorImpl.invoke(Unknown Source)
	at sun.reflect.DelegatingMethodAccessorImpl.invoke(Unknown Source)
	at java.lang.reflect.Method.invoke(Unknown Source)
	at org.testng.internal.MethodInvocationHelper.invokeMethod(MethodInvocationHelper.java:124)
	at org.testng.internal.MethodInvocationHelper.invokeMethodConsideringTimeout(MethodInvocationHelper.java:59)
	at org.testng.internal.Invoker.invokeConfigurationMethod(Invoker.java:455)
	at org.testng.internal.Invoker.invokeConfigurations(Invoker.java:222)
	at org.testng.internal.Invoker.invokeMethod(Invoker.java:520)
	at org.testng.internal.Invoker.invokeTestMethod(Invoker.java:716)
	at org.testng.internal.Invoker.invokeTestMethods(Invoker.java:988)
	at org.testng.internal.TestMethodWorker.invokeTestMethods(TestMethodWorker.java:125)
	at org.testng.internal.TestMethodWorker.run(TestMethodWorker.java:109)
	at org.testng.TestRunner.privateRun(TestRunner.java:648)
	at org.testng.TestRunner.run(TestRunner.java:505)
	at org.testng.SuiteRunner.runTest(SuiteRunner.java:455)
	at org.testng.SuiteRunner.runSequentially(SuiteRunner.java:450)
	at org.testng.SuiteRunner.privateRun(SuiteRunner.java:415)
	at org.testng.SuiteRunner.run(SuiteRunner.java:364)
	at org.testng.SuiteRunnerWorker.runSuite(SuiteRunnerWorker.java:52)
	at org.testng.SuiteRunnerWorker.run(SuiteRunnerWorker.java:84)
	at org.testng.TestNG.runSuitesSequentially(TestNG.java:1208)
	at org.testng.TestNG.runSuitesLocally(TestNG.java:1137)
	at org.testng.TestNG.runSuites(TestNG.java:1049)
	at org.testng.TestNG.run(TestNG.java:1017)
	at org.testng.remote.AbstractRemoteTestNG.run(AbstractRemoteTestNG.java:114)
	at org.testng.remote.RemoteTestNG.initAndRun(RemoteTestNG.java:251)
	at org.testng.remote.RemoteTestNG.main(RemoteTestNG.java:77)
Caused by: java.lang.IllegalArgumentException: Cannot locate declared field class org.apache.http.impl.client.HttpClientBuilder.dnsResolver
	at org.apache.commons.lang3.Validate.isTrue(Validate.java:155)
	at org.apache.commons.lang3.reflect.FieldUtils.readDeclaredField(FieldUtils.java:512)
	at com.gargoylesoftware.htmlunit.HttpWebConnection.getField(HttpWebConnection.java:1038)
	at com.gargoylesoftware.htmlunit.HttpWebConnection.createConnectionManager(HttpWebConnection.java:961)
	at com.gargoylesoftware.htmlunit.HttpWebConnection.getResponse(HttpWebConnection.java:166)
	at com.gargoylesoftware.htmlunit.WebClient.loadWebResponseFromWebConnection(WebClient.java:1357)
	at com.gargoylesoftware.htmlunit.WebClient.loadWebResponse(WebClient.java:1274)
	at com.gargoylesoftware.htmlunit.WebClient.getPage(WebClient.java:382)
	at com.gargoylesoftware.htmlunit.WebClient.getPage(WebClient.java:304)
	at com.gargoylesoftware.htmlunit.WebClient.getPage(WebClient.java:451)
	at org.openqa.selenium.htmlunit.HtmlUnitDriver.get(HtmlUnitDriver.java:528)
	... 30 more
</pre></div></td>
<td>0</td>
<td>com.tests.DriverClass@6950e31</td></tr>
</table><p>
</body>
</html>